@202613h5119.26N/00017.77W135/000/A=000000TIMEOUT
@202713h5119.26N/00017.77W175/001/A=000000TIMEOUT
@202813h5119.27N/00017.77W180/000/A=000000TIMEOUT
@202914h5119.27N/00017.77W000/000/A=000157TIMEOUT
@203014h5119.26N/00017.77W000/000/A=000180TIMEOUT
@203120h5119.26N/00017.78W000/000/A=000201AVDATA-IT310OT315PP3262BV1185
@203213h5119.26N/00017.77W317/000/A=000000AVDATA-IT310OT315PP3262BV1188
@203314h5119.26N/00017.78W026/000/A=000000AVDATA-IT310OT315PP3258BV1188
@203413h5119.27N/00017.76W029/002/A=000000AVDATA-IT310OT317PP3260BV1188
@203513h5119.27N/00017.77W346/000/A=000000AVDATA-IT311OT315PP3259BV1187
@203613h5119.27N/00017.78W000/000/A=000000AVDATA-IT311OT315PP3259BV1178
@203713h5119.26N/00017.77W170/000/A=000000AVDATA-IT311OT314PP3263BV1182
@203813h5119.27N/00017.78W015/000/A=000000AVDATA-IT311OT315PP3263BV1188
@203913h5119.27N/00017.78W162/000/A=000000AVDATA-IT311OT317PP3261BV1187
@204014h5119.26N/00017.78W000/000/A=000223AVDATA-IT311OT318PP3257BV1188
@204113h5119.26N/00017.78W016/001/A=000000AVDATA-IT311OT316PP3260BV1185
@204220h5119.27N/00017.78W000/000/A=000000AVDATA-IT312OT315PP3256BV1188
@204314h5119.27N/00017.79W183/000/A=000000AVDATA-IT312OT315PP3260BV1178
@204414h5119.26N/00017.77W012/000/A=000000AVDATA-IT311OT319PP3262BV1179
@204513h5119.26N/00017.77W035/000/A=000000AVDATA-IT311OT319PP3259BV1188
@204614h5119.26N/00017.78W000/000/A=000000AVDATA-IT311OT320PP3260BV1187
@204714h5119.28N/00017.77W014/001/A=000000AVDATA-IT311OT320PP3255BV1180
@204357h5119.31N/00017.75W000/000/A=000000AVDATA-IT345OT1360PP3281BV1189
@204457h5119.27N/00017.76W000/000/A=000000AVDATA-IT347OT293PP3285BV1188
@204558h5119.27N/00017.76W192/000/A=000000AVDATA-IT347OT293PP3284BV1188
@204658h5119.28N/00017.72W136/000/A=000000AVDATA-IT348OT293PP3284BV126
@204758h5119.27N/00017.74W055/000/A=000000AVDATA-IT350OT293PP3283BV1179
@204858h5119.27N/00017.74W228/001/A=000000AVDATA-IT352OT294PP3286BV1179
@000000h0000.00N/00000.00E000/000/A=000000TIMEOUT NOLOCK
@000000h0000.00N/00000.00E000/000/A=000000TIMEOUT NOLOCK
@205158h5119.26N/00017.77W212/000/A=000000TIMEOUT
@205304h0000.00N/00000.00E000/000/A=000000AVDATA-IÕ352OT298PP3279BV1±78 NOLOCK
@205359h5119.26N/00017.77W000/000/A=000213AVDATA-IT363OT298PP3284BV1188
@205457h0000.00N/00000.00E000/000/A=000000AVDATA-IT381OT297PP3285BV1186 NOLOCK
@205558h5119.26N/00017.77W101/001/A=000000AVDATA-IT368OT300PP3281BV1180
@205658h5119.26N/00017.77W059/000/A=000000AVDATA-IT368OT300PP3284BV1179
@205758h5119.26N/00017.76W000/000/A=000000AVDATA-IT368OT300PP3287BV1182
@000000h0000.00N/00000.00E000/000/A=000000TIMEOUT NOLOCK
@000000h0000.00N/00000.00E000/000/A=000000TIMEOUT NOLOCK
@000000h0000.00N/00000.00E000/000/A=000000TIMEOUT NOLOCK
@000000h0000.00N/00000.00E000/000/A=000000TIMEOUT NOLOCK
@210258h5119.26N/00017.77W208/000/A=000000TIMEOUT
@210505h5119.27N/00017.79W075/000/A=000000AVDATA-IT380OT306PP3281BV1190
@210558h5119.27N/00017.78W183/000/A=000000TIMEOUT
@000000h0000.00N/00000.00E000/000/A=000000TIMEOUT NOLOCK
@210759h5119.27N/00017.77W000/000/A=000000TIMEOUT
@210905h5119.27N/00017.78W295/000/A=000000AVDATA-IT380OT306PP3285BV1188
@210958h5119.27N/00017.78W245/000/A=000000AVDATA-IT389OT311PP3284BV1184
@211059h5119.26N/00017.77W000/000/A=000000AVDATA-IT389OT310PP3287BV1191
@211158h5119.27N/00017.77W123/000/A=000000AVDATA-IT388OT310PP3287BV1184
@175842h0000.00N/00000.00E000/000/A=000000AVDATA-IT1360OT299PP3236BV1187 NOLOCK
@175943h0000.00N/00000.00E000/000/A=000000AVDATA-IT319OT299PP3243BV1177 NOLOCK
@180044h5119.26N/00017.78W000/000/A=000000AVDATA-IT322OT299PP3239BV1177
@180143h5119.26N/00017.77W048/000/A=000000AVDATA-IT324OT299PP3240BV1187
@180243h5119.26N/00017.77W159/000/A=000000AVDATA-IT324OT299PP3236BV1181
@180343h5119.27N/00017.78W037/000/A=000000AVDATA-IT329OT300PP3239BV1187
@180443h5119.27N/00017.77W205/000/A=000000AVDATA-IT331OT300PP3238BV1176
@180543h5119.26N/00017.77W149/001/A=000000AVDATA-IT336OT300PP3234BV1183
@180643h5119.26N/00017.77W000/000/A=000000AVDATA-IT338OT300PP3238BV1175
@180744h5119.27N/00017.78W000/000/A=000000AVDATA-IT340OT300PP3235BV1184
@180843h5119.26N/00017.78W000/000/A=000000AVDATA-IT340OT301PP3241BV1189
@180943h5119.26N/00017.78W185/000/A=000000AVDATA-IT346OT304PP3236BV1178
@181044h5119.26N/00017.77W205/000/A=000000AVDATA-IT346OT304PP3235BV1184
@181142h0000.00N/00000.00E000/000/A=000000AVDATA-IT378OT305PP3222BV1189 NOLOCK
@181242h0000.00N/00000.00E000/000/A=000000AVDATA-IT385OT305PP3222BV1189 NOLOCK
@181343h5119.27N/00017.77W031/000/A=000000AVDATA-IT385OT305PP3235BV1186
@181443h0000.00N/00000.00E000/000/A=000000AVDATA-IT389OT307PP3223BV1189 NOLOCK
@181544h5119.25N/00017.78W025/000/A=000000AVDATA-IT370OT307PP3233BV3155
@181643h5119.26N/00017.77W053/000/A=000000TIMEOUT
@000000h0000.00N/00000.00E000/000/A=000000TIMEOUT NOLOCK
@000000h0000.00N/00000.00E000/000/A=000000TIMEOUT NOLOCK
@000000h0000.00N/00000.00E000/000/A=000000TIMEOUT NOLOCK
@182044h5119.26N/00017.76W000/000/A=000000TIMEOUT
@000000h0000.00N/00000.00E000/000/A=000000TIMEOUT NOLOCK
@182244h5119.27N/00017.76W000/000/A=000092TIMEOUT
@182344h5119.26N/00017.77W000/000/A=000000TIMEOUT
@182444h5119.26N/00017.78W000/000/A=000182TIMEOUT
@182544h5119.27N/00017.76W000/000/A=000148TIMEOUT
@182644h5119.26N/00017.77W000/000/A=000000TIMEOUT
@182850h5119.28N/00017.76W321/000/A=000000AVDATA-IT377OT1360PP3235BV1739
@182944h5119.25N/00017.77W146/001/A=000000AVDATA-IT377OT307PP3235BV337
@183043h0000.00N/00000.00E000/000/A=000000AVDATA-IT381OT310PP3232BV3491 NOLOCK
@183144h5119.27N/00017.77W000/000/A=000000AVDATA-IT381OT311PP3234BV3548
@183243h5119.28N/00017.75W000/000/A=000000AVDATA-IT381OT311PP3233BV359
@183344h5119.27N/00017.76W112/000/A=000000AVDATA-IT381OT311PP3236BV3465
@183443h5119.27N/00017.78W000/000/A=000000AVDATA-IT383OT312PP3234BV3528
@183543h5119.27N/00017.78W226/000/A=000000AVDATA-IT383OT312PP3233BV3479
@183644h5119.28N/00017.79W233/001/A=000000AVDATA-IT384OT313PP3234BV3494
@183743h5119.27N/00017.77W000/000/A=000000AVDATA-IT385OT313PP3235BV3542
@183843h5119.28N/00017.78W192/001/A=000000AVDATA-IT386OT313PP3230BV3535
@183943h5119.29N/00017.77W359/002/A=000000AVDATA-IT387OT313PP3230BV3560
@184044h5119.27N/00017.77W000/000/A=000000AVDATA-IT387OT313PP3236BV3579
@184144h5119.27N/00017.78W000/000/A=000000AVDATA-IT387OT313PP3230BV3557
@184244h5119.27N/00017.75W204/000/A=000000AVDATA-IT388OT313PP3231BV3539
@184344h5119.27N/00017.77W320/001/A=000000AVDATA-IT388OT312PP3232BV3496
@184444h5119.26N/00017.77W174/001/A=000000AVDATA-IT388OT312PP3233BV3585
@184544h5119.26N/00017.77W013/000/A=000000AVDATA-IT389OT312PP3234BV3624
@184643h5119.27N/00017.77W047/000/A=000000AVDATA-IT389OT313PP3233BV3374
@184744h5119.27N/00017.78W331/000/A=000000AVDATA-IT389OT312PP3234BV3294
@184844h5119.27N/00017.76W221/000/A=000000AVDATA-IT390OT312PP3229BV3318
@184944h5119.26N/00017.77W000/000/A=000000AVDATA-IT390OT312PP3233BV3458
@185044h5119.26N/00017.76W182/000/A=000000AVDATA-IT390OT312PP3234BV3377
@185144h5119.27N/00017.76W037/000/A=000000AVDATA-IT390OT312PP3232BV3471
@185243h5119.27N/00017.76W276/002/A=000000AVDATA-IT391OT312PP3229BV3436
@185344h5119.25N/00017.80W102/000/A=000000AVDATA-IT391OT312PP3233BV3588
@185444h5119.26N/00017.78W000/000/A=000184AVDATA-IT391OT312PP3232BV3545
@185545h5119.26N/00017.78W000/000/A=000000AVDATA-IT391OT312PP3231BV3584
@185644h5119.26N/00017.78W036/000/A=000000AVDATA-IT392OT312PP3229BV3549
@185744h5119.27N/00017.77W000/000/A=000232AVDATA-IT392OT312PP3232BV3454
@194047h5119.26N/00017.76W223/001/A=000000AVDATA-IT375OT315PP3222BV3549
@111352h5121.88N/00011.42W000/000/A=000000AVDATA-IT315OT318PP3363BV2272
@000137h0000.00N/00000.00E000/000/A=000000AVDATA-IT315OT318PP3360BV2244 NOLOCK
@111551h5121.88N/00011.42W329/003/A=000000AVDATA-IT321OT319PP3359BV2271
@111651h5121.88N/00011.42W122/001/A=000000AVDATA-IT324OT320PP3363BV250
@171620h5119.26N/00017.78W213/004/A=000000TIMEOUT
@171720h5119.27N/00017.78W345/000/A=000000AVDATA-IT1360OT249PP3358BV2471
@171820h0000.00N/00000.00E000/000/A=000000AVDATA-IT248OT249PP3354BV2583 NOLOCK
@171920h0000.00N/00000.00E000/000/A=000000AVDATA-IT253OT267PP3356BV2469 NOLOCK
@172020h5119.27N/00017.77W168/000/A=000000AVDATA-IT260OT291PP3358BV2561
@172120h0000.00N/00000.00E000/000/A=000000AVDATA-IT265OT277PP3352BV247 NOLOCK
@172220h5119.26N/00017.78W155/000/A=000000AVDATA-IT267OT277PP3359BV2136
@172320h0000.00N/00000.00E000/000/A=000000AVDATA-IT267OT265PP3354BV2571 NOLOCK
@172420h5119.26N/00017.77W191/000/A=000000AVDATA-IT267OT263PP3358BV2180
@172519h0000.00N/00000.00E000/000/A=000000AVDATA-IT280OT265PP3348BV2242 NOLOCK
@172620h5119.26N/00017.77W001/000/A=000000AVDATA-IT280OT265PP3357BV237
@172720h0000.00N/00000.00E000/000/A=000000AVDATA-IT286OT266PP3354BV2435 NOLOCK
@172820h0000.00N/00000.00E000/000/A=000000AVDATA-IT289OT778PP3349BV2582 NOLOCK
@172920h5119.26N/00017.77W112/000/A=000000AVDATA-IT289OT267PP3357BV2450
@173020h0000.00N/00000.00E000/000/A=000000AVDATA-IT290OT267PP3348BV2341 NOLOCK
@173120h0000.00N/00000.00E000/000/A=000000AVDATA-IT290OT270PP3358BV2395 NOLOCK
@173220h5119.27N/00017.78W000/000/A=000231AVDATA-IT298OT270PP3356BV2550
@173320h5119.27N/00017.77W016/000/A=000000AVDATA-IT302OT270PP3357BV2331
@173420h0000.00N/00000.00E000/000/A=000000AVDATA-IT302OT271PP3353BV2137 NOLOCK
@173520h5119.27N/00017.77W326/000/A=000000AVDATA-IT308OT272PP3356BV2281
@173620h0000.00N/00000.00E000/000/A=000000AVDATA-IT312OT271PP3355BV2473 NOLOCK
@173720h0000.00N/00000.00E000/000/A=000000AVDATA-IT316OT273PP3354BV2457 NOLOCK
@173820h0000.00N/00000.00E000/000/A=000000AVDATA-IT316OT273PP3349BV2614 NOLOCK
@173920h0000.00N/00000.00E000/000/A=000000AVDATA-IT322OT274PP3355BV2281 NOLOCK
@174203h0000.00N/00000.00E000/000/A=000000AVDATA-IT1360OT1360PP3352BV2984 NOLOCK
@174304h5119.26N/00017.77W000/000/A=000256AVDATA-IT329OT276PP3356BV3144
